<?xml version="1.0" encoding="UTF-8"?>
<!-- Generated by org.testng.reporters.JUnitReportReporter -->
<testsuite skipped="0" hostname="DESKTOP-VM51J5Q" name="com.test.testcases.LaunchPage" tests="2" failures="0" timestamp="27 Oct 2019 19:55:21 GMT" time="10.949" errors="0">
  <testcase name="selectCategory" time="1.793" classname="com.test.testcases.LaunchPage"/>
  <testcase name="addDressToCart" time="9.156" classname="com.test.testcases.LaunchPage"/>
</testsuite> <!-- com.test.testcases.LaunchPage -->
