<?xml version="1.0" encoding="UTF-8"?>
<!-- Generated by org.testng.reporters.JUnitReportReporter -->
<testsuite skipped="0" hostname="DESKTOP-VM51J5Q" name="com.test.testcases.ShoppingCartTest" tests="7" failures="0" timestamp="2019-10-29T03:24:25 EDT" time="33.406" errors="0">
  <testcase name="selectCategory" time="1.737" classname="com.test.testcases.ShoppingCartTest"/>
  <testcase name="addDressToCart" time="9.582" classname="com.test.testcases.ShoppingCartTest"/>
  <testcase name="enterEmailAndSubmit" time="0.786" classname="com.test.testcases.ShoppingCartTest"/>
  <testcase name="validateCreateNewAccount" time="2.329" classname="com.test.testcases.ShoppingCartTest"/>
  <testcase name="submitInfo" time="1.455" classname="com.test.testcases.ShoppingCartTest"/>
  <testcase name="agreeTermsOfService" time="17.337" classname="com.test.testcases.ShoppingCartTest"/>
  <testcase name="verifyOrder" time="0.180" classname="com.test.testcases.ShoppingCartTest"/>
</testsuite> <!-- com.test.testcases.ShoppingCartTest -->
